<?xml version="1.0" encoding="UTF-8"?>
<!-- Generated by org.testng.reporters.JUnitXMLReporter -->
<testsuite hostname="LAPTOP-2PUSIUPJ" ignored="0" name="Default test" tests="3" failures="0" timestamp="2022-04-02T20:22:57 IST" time="19.861" errors="0">
  <testcase name="test02" time="0.026" classname="com.jbk.test.LoginTest"/>
  <testcase name="verifyTitleOfHomePage" time="1.917" classname="com.jbk.test.LoginTest"/>
  <testcase name="test01" time="6.814" classname="com.jbk.test.LoginNewTest"/>
</testsuite> <!-- Default test -->
