<?xml version="1.0" encoding="UTF-8"?>
<testng-results skipped="0" failed="0" ignored="0" total="3" passed="3">
  <reporter-output>
  </reporter-output>
  <suite name="Default suite" duration-ms="19861" started-at="2022-04-02T20:22:37 IST" finished-at="2022-04-02T20:22:57 IST">
    <groups>
    </groups>
    <test name="Default test" duration-ms="19861" started-at="2022-04-02T20:22:37 IST" finished-at="2022-04-02T20:22:57 IST">
      <class name="com.jbk.test.LoginTest">
        <test-method status="PASS" signature="openBrowser()[pri:0, instance:com.jbk.test.LoginTest@e320068]" name="openBrowser" is-config="true" duration-ms="6859" started-at="2022-04-02T20:22:37 IST" finished-at="2022-04-02T20:22:44 IST">
          <reporter-output>
          </reporter-output>
        </test-method> <!-- openBrowser -->
        <test-method status="PASS" signature="test02()[pri:0, instance:com.jbk.test.LoginTest@e320068]" name="test02" duration-ms="26" started-at="2022-04-02T20:22:44 IST" finished-at="2022-04-02T20:22:44 IST">
          <reporter-output>
          </reporter-output>
        </test-method> <!-- test02 -->
        <test-method status="PASS" signature="openBrowser()[pri:0, instance:com.jbk.test.LoginTest@e320068]" name="openBrowser" is-config="true" duration-ms="4113" started-at="2022-04-02T20:22:44 IST" finished-at="2022-04-02T20:22:48 IST">
          <reporter-output>
          </reporter-output>
        </test-method> <!-- openBrowser -->
        <test-method status="PASS" signature="verifyTitleOfHomePage()[pri:0, instance:com.jbk.test.LoginTest@e320068]" name="verifyTitleOfHomePage" duration-ms="1917" started-at="2022-04-02T20:22:48 IST" finished-at="2022-04-02T20:22:50 IST">
          <reporter-output>
          </reporter-output>
        </test-method> <!-- verifyTitleOfHomePage -->
      </class> <!-- com.jbk.test.LoginTest -->
      <class name="com.jbk.test.LoginNewTest">
        <test-method status="PASS" signature="test01()[pri:0, instance:com.jbk.test.LoginNewTest@c46bcd4]" name="test01" duration-ms="6814" started-at="2022-04-02T20:22:50 IST" finished-at="2022-04-02T20:22:57 IST">
          <reporter-output>
          </reporter-output>
        </test-method> <!-- test01 -->
      </class> <!-- com.jbk.test.LoginNewTest -->
    </test> <!-- Default test -->
  </suite> <!-- Default suite -->
</testng-results>
