<?xml version="1.0" encoding="UTF-8"?>
<!-- Generated by org.testng.reporters.JUnitXMLReporter -->
<testsuite hostname="LAPTOP-2PUSIUPJ" ignored="0" name="Test" tests="6" failures="0" timestamp="2022-04-02T08:01:24 IST" time="0.195" errors="0">
  <testcase name="test01" time="0.026" classname="firstmaven.LoginTest"/>
  <testcase name="test02" time="0.004" classname="firstmaven.LoginTest"/>
  <testcase name="test03" time="0.003" classname="firstmaven.RegisterTest"/>
  <testcase name="test04" time="0.004" classname="firstmaven.RegisterTest"/>
  <testcase name="test05" time="0.009" classname="firstmaven.Dashboard"/>
  <testcase name="test06" time="0.003" classname="firstmaven.Dashboard"/>
</testsuite> <!-- Test -->
