<?xml version="1.0" encoding="UTF-8"?>
<testng-results skipped="0" failed="0" ignored="0" total="1" passed="1">
  <reporter-output>
  </reporter-output>
  <suite name="Default suite" duration-ms="9567" started-at="2022-04-02T20:00:12 IST" finished-at="2022-04-02T20:00:21 IST">
    <groups>
    </groups>
    <test name="Default test" duration-ms="9567" started-at="2022-04-02T20:00:12 IST" finished-at="2022-04-02T20:00:21 IST">
      <class name="com.jbk.LoginTest">
        <test-method status="PASS" signature="test01()[pri:0, instance:com.jbk.LoginTest@536aaa8d]" name="test01" duration-ms="9439" started-at="2022-04-02T20:00:12 IST" finished-at="2022-04-02T20:00:21 IST">
          <reporter-output>
          </reporter-output>
        </test-method> <!-- test01 -->
      </class> <!-- com.jbk.LoginTest -->
    </test> <!-- Default test -->
  </suite> <!-- Default suite -->
</testng-results>
